[judge_1] Connecting to Redis at 127.0.0.1:6379
[judge_1] Starting
[judge_1] Redis returned error: NOGROUP No such key 'compile' or consumer group 'judge_group' in XREADGROUP with GROUP option
[judge_1] Redis returned error: NOGROUP No such key 'compile' or consumer group 'judge_group' in XREADGROUP with GROUP option
[judge_1] Redis returned error: NOGROUP No such key 'compile' or consumer group 'judge_group' in XREADGROUP with GROUP option
[judge_1] Redis returned error: NOGROUP No such key 'compile' or consumer group 'judge_group' in XREADGROUP with GROUP option
[judge_1] Redis returned error: NOGROUP No such key 'compile' or consumer group 'judge_group' in XREADGROUP with GROUP option
[judge_1] Redis returned error: NOGROUP No such key 'compile' or consumer group 'judge_group' in XREADGROUP with GROUP option
[judge_1] Redis returned error: NOGROUP No such key 'compile' or consumer group 'judge_group' in XREADGROUP with GROUP option
[judge_1] Redis returned error: NOGROUP No such key 'compile' or consumer group 'judge_group' in XREADGROUP with GROUP option
[judge_1] Redis returned error: NOGROUP No such key 'compile' or consumer group 'judge_group' in XREADGROUP with GROUP option
[judge_1] Redis returned error: NOGROUP No such key 'compile' or consumer group 'judge_group' in XREADGROUP with GROUP option
[judge_1] Redis returned error: NOGROUP No such key 'compile' or consumer group 'judge_group' in XREADGROUP with GROUP option
[judge_1] Redis returned error: NOGROUP No such key 'compile' or consumer group 'judge_group' in XREADGROUP with GROUP option
[judge_1] Redis returned error: NOGROUP No such key 'compile' or consumer group 'judge_group' in XREADGROUP with GROUP option
[judge_1] Redis returned error: NOGROUP No such key 'compile' or consumer group 'judge_group' in XREADGROUP with GROUP option
[judge_1] Redis returned error: NOGROUP No such key 'compile' or consumer group 'judge_group' in XREADGROUP with GROUP option
[judge_1] Redis returned error: NOGROUP No such key 'compile' or consumer group 'judge_group' in XREADGROUP with GROUP option
[judge_1] Redis returned error: NOGROUP No such key 'compile' or consumer group 'judge_group' in XREADGROUP with GROUP option
[judge_1] Redis returned error: NOGROUP No such key 'compile' or consumer group 'judge_group' in XREADGROUP with GROUP option
[judge_1] Redis returned error: NOGROUP No such key 'compile' or consumer group 'judge_group' in XREADGROUP with GROUP option
[judge_1] Redis returned error: NOGROUP No such key 'compile' or consumer group 'judge_group' in XREADGROUP with GROUP option
[judge_1] Redis returned error: NOGROUP No such key 'compile' or consumer group 'judge_group' in XREADGROUP with GROUP option
[judge_1] Redis returned error: NOGROUP No such key 'compile' or consumer group 'judge_group' in XREADGROUP with GROUP option
[judge_1] Redis returned error: NOGROUP No such key 'compile' or consumer group 'judge_group' in XREADGROUP with GROUP option
[judge_1] Redis returned error: NOGROUP No such key 'compile' or consumer group 'judge_group' in XREADGROUP with GROUP option
[judge_1] Redis returned error: NOGROUP No such key 'compile' or consumer group 'judge_group' in XREADGROUP with GROUP option
[judge_1] Redis returned error: NOGROUP No such key 'compile' or consumer group 'judge_group' in XREADGROUP with GROUP option
[judge_1] Redis returned error: NOGROUP No such key 'compile' or consumer group 'judge_group' in XREADGROUP with GROUP option
[judge_1] Redis returned error: NOGROUP No such key 'compile' or consumer group 'judge_group' in XREADGROUP with GROUP option
[judge_1] Redis returned error: NOGROUP No such key 'compile' or consumer group 'judge_group' in XREADGROUP with GROUP option
[judge_1] Redis returned error: NOGROUP No such key 'compile' or consumer group 'judge_group' in XREADGROUP with GROUP option
[judge_1] Redis returned error: NOGROUP No such key 'compile' or consumer group 'judge_group' in XREADGROUP with GROUP option
[judge_1] Redis returned error: NOGROUP No such key 'compile' or consumer group 'judge_group' in XREADGROUP with GROUP option
[judge_1] Redis returned error: NOGROUP No such key 'compile' or consumer group 'judge_group' in XREADGROUP with GROUP option
[judge_1] Redis returned error: NOGROUP No such key 'compile' or consumer group 'judge_group' in XREADGROUP with GROUP option
[judge_1] Redis returned error: NOGROUP No such key 'compile' or consumer group 'judge_group' in XREADGROUP with GROUP option
[judge_1] Redis returned error: NOGROUP No such key 'compile' or consumer group 'judge_group' in XREADGROUP with GROUP option
[judge_1] Redis returned error: NOGROUP No such key 'compile' or consumer group 'judge_group' in XREADGROUP with GROUP option
[judge_1] Redis returned error: NOGROUP No such key 'compile' or consumer group 'judge_group' in XREADGROUP with GROUP option
[judge_1] Redis returned error: NOGROUP No such key 'compile' or consumer group 'judge_group' in XREADGROUP with GROUP option
[judge_1] Redis returned error: NOGROUP No such key 'compile' or consumer group 'judge_group' in XREADGROUP with GROUP option
[judge_1] Redis returned error: NOGROUP No such key 'compile' or consumer group 'judge_group' in XREADGROUP with GROUP option
[judge_1] Redis returned error: NOGROUP No such key 'compile' or consumer group 'judge_group' in XREADGROUP with GROUP option
[judge_1] Redis returned error: NOGROUP No such key 'compile' or consumer group 'judge_group' in XREADGROUP with GROUP option
[judge_1] Redis returned error: NOGROUP No such key 'compile' or consumer group 'judge_group' in XREADGROUP with GROUP option
[judge_1] Redis returned error: NOGROUP No such key 'compile' or consumer group 'judge_group' in XREADGROUP with GROUP option
[judge_1] Redis returned error: NOGROUP No such key 'compile' or consumer group 'judge_group' in XREADGROUP with GROUP option
[judge_1] Redis returned error: NOGROUP No such key 'compile' or consumer group 'judge_group' in XREADGROUP with GROUP option
[judge_1] Redis returned error: NOGROUP No such key 'compile' or consumer group 'judge_group' in XREADGROUP with GROUP option
[judge_1] Redis returned error: NOGROUP No such key 'compile' or consumer group 'judge_group' in XREADGROUP with GROUP option
[judge_1] Redis returned error: NOGROUP No such key 'compile' or consumer group 'judge_group' in XREADGROUP with GROUP option
[judge_1] Redis returned error: NOGROUP No such key 'compile' or consumer group 'judge_group' in XREADGROUP with GROUP option
[judge_1] Redis returned error: NOGROUP No such key 'compile' or consumer group 'judge_group' in XREADGROUP with GROUP option
[judge_1] Redis returned error: NOGROUP No such key 'compile' or consumer group 'judge_group' in XREADGROUP with GROUP option
[judge_1] Redis returned error: NOGROUP No such key 'compile' or consumer group 'judge_group' in XREADGROUP with GROUP option
[judge_1] Redis returned error: NOGROUP No such key 'compile' or consumer group 'judge_group' in XREADGROUP with GROUP option
[judge_1] Redis returned error: NOGROUP No such key 'compile' or consumer group 'judge_group' in XREADGROUP with GROUP option
[judge_1] Redis returned error: NOGROUP No such key 'compile' or consumer group 'judge_group' in XREADGROUP with GROUP option
[judge_1] Redis returned error: NOGROUP No such key 'compile' or consumer group 'judge_group' in XREADGROUP with GROUP option
[judge_1] Redis returned error: NOGROUP No such key 'compile' or consumer group 'judge_group' in XREADGROUP with GROUP option
[judge_1] Redis returned error: NOGROUP No such key 'compile' or consumer group 'judge_group' in XREADGROUP with GROUP option
[judge_1] Redis returned error: NOGROUP No such key 'compile' or consumer group 'judge_group' in XREADGROUP with GROUP option
[judge_1] Redis returned error: NOGROUP No such key 'compile' or consumer group 'judge_group' in XREADGROUP with GROUP option
[judge_1] Redis returned error: NOGROUP No such key 'compile' or consumer group 'judge_group' in XREADGROUP with GROUP option
[judge_1] Redis returned error: NOGROUP No such key 'compile' or consumer group 'judge_group' in XREADGROUP with GROUP option
[judge_1] Redis returned error: NOGROUP No such key 'compile' or consumer group 'judge_group' in XREADGROUP with GROUP option
[judge_1] Redis returned error: NOGROUP No such key 'compile' or consumer group 'judge_group' in XREADGROUP with GROUP option
[judge_1] Redis returned error: NOGROUP No such key 'compile' or consumer group 'judge_group' in XREADGROUP with GROUP option
[judge_1] Redis returned error: NOGROUP No such key 'compile' or consumer group 'judge_group' in XREADGROUP with GROUP option
[judge_1] Redis returned error: NOGROUP No such key 'compile' or consumer group 'judge_group' in XREADGROUP with GROUP option
[judge_1] Redis returned error: NOGROUP No such key 'compile' or consumer group 'judge_group' in XREADGROUP with GROUP option
[judge_1] Redis returned error: NOGROUP No such key 'compile' or consumer group 'judge_group' in XREADGROUP with GROUP option
[judge_1] Redis returned error: NOGROUP No such key 'compile' or consumer group 'judge_group' in XREADGROUP with GROUP option
[judge_1] Redis returned error: NOGROUP No such key 'compile' or consumer group 'judge_group' in XREADGROUP with GROUP option
[judge_1] Redis returned error: NOGROUP No such key 'compile' or consumer group 'judge_group' in XREADGROUP with GROUP option
[judge_1] Redis returned error: NOGROUP No such key 'compile' or consumer group 'judge_group' in XREADGROUP with GROUP option
[judge_1] Redis returned error: NOGROUP No such key 'compile' or consumer group 'judge_group' in XREADGROUP with GROUP option
[judge_1] Redis returned error: NOGROUP No such key 'compile' or consumer group 'judge_group' in XREADGROUP with GROUP option
[judge_1] Redis returned error: NOGROUP No such key 'compile' or consumer group 'judge_group' in XREADGROUP with GROUP option
[judge_1] Redis returned error: NOGROUP No such key 'compile' or consumer group 'judge_group' in XREADGROUP with GROUP option
[judge_1] Redis returned error: NOGROUP No such key 'compile' or consumer group 'judge_group' in XREADGROUP with GROUP option
[judge_1] Redis returned error: NOGROUP No such key 'compile' or consumer group 'judge_group' in XREADGROUP with GROUP option
[judge_1] Redis returned error: NOGROUP No such key 'compile' or consumer group 'judge_group' in XREADGROUP with GROUP option
[judge_1] Redis returned error: NOGROUP No such key 'compile' or consumer group 'judge_group' in XREADGROUP with GROUP option
[judge_1] Redis returned error: NOGROUP No such key 'compile' or consumer group 'judge_group' in XREADGROUP with GROUP option
[judge_1] Redis returned error: NOGROUP No such key 'compile' or consumer group 'judge_group' in XREADGROUP with GROUP option
[judge_1] Redis returned error: NOGROUP No such key 'compile' or consumer group 'judge_group' in XREADGROUP with GROUP option
[judge_1] Redis returned error: NOGROUP No such key 'compile' or consumer group 'judge_group' in XREADGROUP with GROUP option
[judge_1] Redis returned error: NOGROUP No such key 'compile' or consumer group 'judge_group' in XREADGROUP with GROUP option
[judge_1] Redis returned error: NOGROUP No such key 'compile' or consumer group 'judge_group' in XREADGROUP with GROUP option
[judge_1] Pending tasks cleared
[judge_1] Compiling: 1
[judge_1] Done:      1 (exit code 0)
[judge_1] Compiling: 2
[judge_1] Done:      2 (exit code 0)
[judge_1] Connection broken, retrying
[judge_1] Connecting to Redis at 127.0.0.1:6379
[judge_1] Starting
[judge_1] Redis returned error: NOGROUP No such key 'compile' or consumer group 'judge_group' in XREADGROUP with GROUP option
[judge_1] Redis returned error: NOGROUP No such key 'compile' or consumer group 'judge_group' in XREADGROUP with GROUP option
[judge_1] Redis returned error: NOGROUP No such key 'compile' or consumer group 'judge_group' in XREADGROUP with GROUP option
[judge_1] Redis returned error: NOGROUP No such key 'compile' or consumer group 'judge_group' in XREADGROUP with GROUP option
[judge_1] Redis returned error: NOGROUP No such key 'compile' or consumer group 'judge_group' in XREADGROUP with GROUP option
[judge_1] Redis returned error: NOGROUP No such key 'compile' or consumer group 'judge_group' in XREADGROUP with GROUP option
[judge_1] Redis returned error: NOGROUP No such key 'compile' or consumer group 'judge_group' in XREADGROUP with GROUP option
[judge_1] Redis returned error: NOGROUP No such key 'compile' or consumer group 'judge_group' in XREADGROUP with GROUP option
[judge_1] Redis returned error: NOGROUP No such key 'compile' or consumer group 'judge_group' in XREADGROUP with GROUP option
[judge_1] Redis returned error: NOGROUP No such key 'compile' or consumer group 'judge_group' in XREADGROUP with GROUP option
[judge_1] Redis returned error: NOGROUP No such key 'compile' or consumer group 'judge_group' in XREADGROUP with GROUP option
[judge_1] Redis returned error: NOGROUP No such key 'compile' or consumer group 'judge_group' in XREADGROUP with GROUP option
[judge_1] Redis returned error: NOGROUP No such key 'compile' or consumer group 'judge_group' in XREADGROUP with GROUP option
[judge_1] Redis returned error: NOGROUP No such key 'compile' or consumer group 'judge_group' in XREADGROUP with GROUP option
[judge_1] Redis returned error: NOGROUP No such key 'compile' or consumer group 'judge_group' in XREADGROUP with GROUP option
[judge_1] Redis returned error: NOGROUP No such key 'compile' or consumer group 'judge_group' in XREADGROUP with GROUP option
[judge_1] Redis returned error: NOGROUP No such key 'compile' or consumer group 'judge_group' in XREADGROUP with GROUP option
[judge_1] Redis returned error: NOGROUP No such key 'compile' or consumer group 'judge_group' in XREADGROUP with GROUP option
[judge_1] Redis returned error: NOGROUP No such key 'compile' or consumer group 'judge_group' in XREADGROUP with GROUP option
[judge_1] Redis returned error: NOGROUP No such key 'compile' or consumer group 'judge_group' in XREADGROUP with GROUP option
[judge_1] Redis returned error: NOGROUP No such key 'compile' or consumer group 'judge_group' in XREADGROUP with GROUP option
[judge_1] Redis returned error: NOGROUP No such key 'compile' or consumer group 'judge_group' in XREADGROUP with GROUP option
[judge_1] Redis returned error: NOGROUP No such key 'compile' or consumer group 'judge_group' in XREADGROUP with GROUP option
[judge_1] Redis returned error: NOGROUP No such key 'compile' or consumer group 'judge_group' in XREADGROUP with GROUP option
[judge_1] Redis returned error: NOGROUP No such key 'compile' or consumer group 'judge_group' in XREADGROUP with GROUP option
[judge_1] Redis returned error: NOGROUP No such key 'compile' or consumer group 'judge_group' in XREADGROUP with GROUP option
[judge_1] Redis returned error: NOGROUP No such key 'compile' or consumer group 'judge_group' in XREADGROUP with GROUP option
[judge_1] Connecting to Redis at 127.0.0.1:6379
[judge_1] Starting
[judge_1] Pending tasks cleared
[judge_1] Running:   631
[judge_1]   Party #0: 67
[judge_1]   Party #1: 65
Side #0 moves at (2, 0)
Side #1 moves at (1, 0)
Side #0 moves at (0, 0)
Side #1 moves at (1, 2)
Side #0 moves at (1, 1)
Side #1 moves at (0, 2)
Side #0 moves at (0, 1)
Side #1 moves at (2, 2)
Side #1 wins!
[judge_1] Done:      631 (exit code 0)
[judge_1] Running:   632
[judge_1]   Party #0: 71
[judge_1]   Party #1: 67
Side #0 moves at (2, 0)
Side #1 moves at (1, 0)
Side #0 moves at (0, 0)
Side #1 moves at (1, 2)
Side #0 moves at (1, 1)
Side #1 moves at (0, 2)
Side #0 moves at (0, 1)
Side #1 moves at (2, 2)
Side #1 wins!
[judge_1] Done:      632 (exit code 0)
[judge_1] Running:   633
[judge_1]   Party #0: 74
[judge_1]   Party #1: 71
Side #0 moves at (2, 0)
Side #1 moves at (1, 0)
Side #0 moves at (0, 0)
Side #1 moves at (1, 2)
Side #0 moves at (1, 1)
Side #1 moves at (0, 2)
Side #0 moves at (0, 1)
Side #1 moves at (2, 2)
Side #1 wins!
[judge_1] Done:      633 (exit code 0)
[judge_1] Running:   634
[judge_1]   Party #0: 76
[judge_1]   Party #1: 74
Side #0 moves at (2, 0)
Side #1 moves at (1, 0)
Side #0 moves at (0, 0)
Side #1 moves at (1, 2)
Side #0 moves at (1, 1)
Side #1 moves at (0, 2)
Side #0 moves at (0, 1)
Side #1 moves at (2, 2)
Side #1 wins!
[judge_1] Done:      634 (exit code 0)
[judge_1] Running:   635
[judge_1]   Party #0: 80
[judge_1]   Party #1: 76
Side #0 moves at (2, 0)
Side #1 moves at (1, 0)
Side #0 moves at (0, 0)
Side #1 moves at (1, 2)
Side #0 moves at (1, 1)
Side #1 moves at (0, 2)
Side #0 moves at (0, 1)
Side #1 moves at (2, 2)
Side #1 wins!
[judge_1] Done:      635 (exit code 0)
[judge_1] Running:   636
[judge_1]   Party #0: 83
[judge_1]   Party #1: 80
Side #0 moves at (2, 0)
Side #1 moves at (1, 0)
Side #0 moves at (0, 0)
Side #1 moves at (1, 2)
Side #0 moves at (1, 1)
Side #1 moves at (0, 2)
Side #0 moves at (0, 1)
Side #1 moves at (2, 2)
Side #1 wins!
[judge_1] Done:      636 (exit code 0)
[judge_1] Running:   637
[judge_1]   Party #0: 85
[judge_1]   Party #1: 83
Side #0 moves at (2, 0)
Side #1 moves at (1, 0)
Side #0 moves at (0, 0)
Side #1 moves at (1, 2)
Side #0 moves at (1, 1)
Side #1 moves at (0, 2)
Side #0 moves at (0, 1)
Side #1 moves at (2, 2)
Side #1 wins!
[judge_1] Done:      637 (exit code 0)
[judge_1] Running:   638
[judge_1]   Party #0: 89
[judge_1]   Party #1: 85
Side #0 moves at (2, 0)
Side #1 moves at (1, 0)
Side #0 moves at (0, 0)
Side #1 moves at (1, 2)
Side #0 moves at (1, 1)
Side #1 moves at (0, 2)
Side #0 moves at (0, 1)
Side #1 moves at (2, 2)
Side #1 wins!
[judge_1] Done:      638 (exit code 0)
[judge_1] Running:   639
[judge_1]   Party #0: 92
[judge_1]   Party #1: 89
Side #0 moves at (2, 0)
Side #1 moves at (1, 0)
Side #0 moves at (0, 0)
Side #1 moves at (1, 2)
Side #0 moves at (1, 1)
Side #1 moves at (0, 2)
Side #0 moves at (0, 1)
Side #1 moves at (2, 2)
Side #1 wins!
[judge_1] Done:      639 (exit code 0)
[judge_1] Running:   640
[judge_1]   Party #0: 101
[judge_1]   Party #1: 97
Side #0 moves at (2, 0)
Side #1 moves at (1, 0)
Side #0 moves at (0, 0)
Side #1 moves at (1, 2)
Side #0 moves at (1, 1)
Side #1 moves at (0, 2)
Side #0 moves at (0, 1)
Side #1 moves at (2, 2)
Side #1 wins!
[judge_1] Done:      640 (exit code 0)
[judge_1] Running:   641
[judge_1]   Party #0: 105
[judge_1]   Party #1: 101
Side #0 moves at (1, 0)
Side #1 moves at (1, 1)
Side #0 moves at (0, 2)
Side #1 moves at (0, 0)
Side #0 moves at (2, 0)
Side #1 moves at (2, 1)
Side #0 moves at (0, 1)
Side #1 moves at (2, 2)
Side #1 wins!
[judge_1] Done:      641 (exit code 0)
[judge_1] Running:   642
[judge_1]   Party #0: 109
[judge_1]   Party #1: 105
Side #0 moves at (1, 0)
Side #1 moves at (1, 1)
Side #0 moves at (0, 2)
Side #1 moves at (0, 0)
Side #0 moves at (2, 0)
Side #1 moves at (2, 1)
Side #0 moves at (0, 1)
Side #1 moves at (2, 2)
Side #1 wins!
[judge_1] Done:      642 (exit code 0)
[judge_1] Running:   643
[judge_1]   Party #0: 113
[judge_1]   Party #1: 109
Side #0 moves at (1, 0)
Side #1 moves at (1, 1)
Side #0 moves at (0, 2)
Side #1 moves at (0, 0)
Side #0 moves at (2, 0)
Side #1 moves at (2, 1)
Side #0 moves at (0, 1)
Side #1 moves at (2, 2)
Side #1 wins!
[judge_1] Done:      643 (exit code 0)
[judge_1] Running:   644
[judge_1]   Party #0: 117
[judge_1]   Party #1: 113
Side #0 moves at (1, 0)
Side #1 moves at (1, 1)
Side #0 moves at (0, 2)
Side #1 moves at (0, 0)
Side #0 moves at (2, 0)
Side #1 moves at (2, 1)
Side #0 moves at (0, 1)
Side #1 moves at (2, 2)
Side #1 wins!
[judge_1] Done:      644 (exit code 0)
[judge_1] Running:   645
[judge_1]   Party #0: 121
[judge_1]   Party #1: 117
Side #0 moves at (1, 0)
Side #1 moves at (1, 1)
Side #0 moves at (0, 2)
Side #1 moves at (0, 0)
Side #0 moves at (2, 0)
Side #1 moves at (2, 1)
Side #0 moves at (0, 1)
Side #1 moves at (2, 2)
Side #1 wins!
[judge_1] Done:      645 (exit code 0)
[judge_1] Running:   646
[judge_1]   Party #0: 67
[judge_1]   Party #1: 65
Side #0 moves at (1, 1)
Side #1 moves at (0, 1)
Side #0 moves at (1, 2)
Side #1 moves at (2, 2)
Side #0 moves at (0, 2)
Side #1 moves at (0, 0)
Side #0 moves at (2, 1)
Side #1 moves at (1, 0)
Side #0 moves at (2, 0)
Side #0 wins!
[judge_1] Done:      646 (exit code 0)
[judge_1] Running:   647
[judge_1]   Party #0: 71
[judge_1]   Party #1: 67
Side #0 moves at (1, 1)
Side #1 moves at (0, 1)
Side #0 moves at (1, 2)
Side #1 moves at (2, 2)
Side #0 moves at (0, 2)
Side #1 moves at (0, 0)
Side #0 moves at (2, 1)
Side #1 moves at (1, 0)
Side #0 moves at (2, 0)
Side #0 wins!
[judge_1] Done:      647 (exit code 0)
[judge_1] Running:   648
[judge_1]   Party #0: 74
[judge_1]   Party #1: 71
Side #0 moves at (1, 1)
Side #1 moves at (0, 1)
Side #0 moves at (1, 2)
Side #1 moves at (2, 2)
Side #0 moves at (0, 2)
Side #1 moves at (0, 0)
Side #0 moves at (2, 1)
Side #1 moves at (1, 0)
Side #0 moves at (2, 0)
Side #0 wins!
[judge_1] Done:      648 (exit code 0)
[judge_1] Running:   649
[judge_1]   Party #0: 76
[judge_1]   Party #1: 74
Side #0 moves at (1, 1)
Side #1 moves at (0, 1)
Side #0 moves at (1, 2)
Side #1 moves at (2, 2)
Side #0 moves at (0, 2)
Side #1 moves at (0, 0)
Side #0 moves at (2, 1)
Side #1 moves at (1, 0)
Side #0 moves at (2, 0)
Side #0 wins!
[judge_1] Done:      649 (exit code 0)
[judge_1] Running:   650
[judge_1]   Party #0: 80
[judge_1]   Party #1: 76
Side #0 moves at (1, 1)
Side #1 moves at (0, 1)
Side #0 moves at (1, 2)
Side #1 moves at (2, 2)
Side #0 moves at (0, 2)
Side #1 moves at (0, 0)
Side #0 moves at (2, 1)
Side #1 moves at (1, 0)
Side #0 moves at (2, 0)
Side #0 wins!
[judge_1] Done:      650 (exit code 0)
[judge_1] Running:   651
[judge_1]   Party #0: 83
[judge_1]   Party #1: 80
Side #0 moves at (1, 1)
Side #1 moves at (0, 1)
Side #0 moves at (1, 2)
Side #1 moves at (2, 2)
Side #0 moves at (0, 2)
Side #1 moves at (0, 0)
Side #0 moves at (2, 1)
Side #1 moves at (1, 0)
Side #0 moves at (2, 0)
Side #0 wins!
[judge_1] Done:      651 (exit code 0)
[judge_1] Running:   652
[judge_1]   Party #0: 85
[judge_1]   Party #1: 83
Side #0 moves at (1, 1)
Side #1 moves at (0, 1)
Side #0 moves at (1, 2)
Side #1 moves at (2, 2)
Side #0 moves at (0, 2)
Side #1 moves at (0, 0)
Side #0 moves at (2, 1)
Side #1 moves at (1, 0)
Side #0 moves at (2, 0)
Side #0 wins!
[judge_1] Done:      652 (exit code 0)
[judge_1] Running:   653
[judge_1]   Party #0: 89
[judge_1]   Party #1: 85
Side #0 moves at (1, 2)
Side #1 moves at (2, 2)
Side #0 moves at (0, 0)
Side #1 moves at (2, 1)
Side #0 moves at (0, 2)
Side #1 moves at (0, 1)
Side #0 moves at (1, 0)
Side #1 moves at (1, 1)
Side #1 wins!
[judge_1] Done:      653 (exit code 0)
[judge_1] Running:   654
[judge_1]   Party #0: 92
[judge_1]   Party #1: 89
Side #0 moves at (1, 2)
Side #1 moves at (2, 2)
Side #0 moves at (0, 0)
Side #1 moves at (2, 1)
Side #0 moves at (0, 2)
Side #1 moves at (0, 1)
Side #0 moves at (1, 0)
Side #1 moves at (1, 1)
Side #1 wins!
[judge_1] Done:      654 (exit code 0)
[judge_1] Running:   655
[judge_1]   Party #0: 101
[judge_1]   Party #1: 97
Side #0 moves at (1, 2)
Side #1 moves at (2, 2)
Side #0 moves at (0, 0)
Side #1 moves at (2, 1)
Side #0 moves at (0, 2)
Side #1 moves at (0, 1)
Side #0 moves at (1, 0)
Side #1 moves at (1, 1)
Side #1 wins!
[judge_1] Done:      655 (exit code 0)
[judge_1] Running:   656
[judge_1]   Party #0: 105
[judge_1]   Party #1: 101
Side #0 moves at (1, 2)
Side #1 moves at (2, 2)
Side #0 moves at (0, 0)
Side #1 moves at (2, 1)
Side #0 moves at (0, 2)
Side #1 moves at (0, 1)
Side #0 moves at (1, 0)
Side #1 moves at (1, 1)
Side #1 wins!
[judge_1] Done:      656 (exit code 0)
[judge_1] Running:   657
[judge_1]   Party #0: 109
[judge_1]   Party #1: 105
Side #0 moves at (1, 2)
Side #1 moves at (2, 2)
Side #0 moves at (0, 0)
Side #1 moves at (2, 1)
Side #0 moves at (0, 2)
Side #1 moves at (0, 1)
Side #0 moves at (1, 0)
Side #1 moves at (1, 1)
Side #1 wins!
[judge_1] Done:      657 (exit code 0)
[judge_1] Running:   658
[judge_1]   Party #0: 113
[judge_1]   Party #1: 109
Side #0 moves at (1, 2)
Side #1 moves at (2, 2)
Side #0 moves at (0, 0)
Side #1 moves at (2, 1)
Side #0 moves at (0, 2)
Side #1 moves at (0, 1)
Side #0 moves at (1, 0)
Side #1 moves at (1, 1)
Side #1 wins!
[judge_1] Done:      658 (exit code 0)
[judge_1] Running:   659
[judge_1]   Party #0: 117
[judge_1]   Party #1: 113
Side #0 moves at (1, 2)
Side #1 moves at (2, 2)
Side #0 moves at (0, 0)
Side #1 moves at (2, 1)
Side #0 moves at (0, 2)
Side #1 moves at (0, 1)
Side #0 moves at (1, 0)
Side #1 moves at (1, 1)
Side #1 wins!
[judge_1] Done:      659 (exit code 0)
[judge_1] Running:   660
[judge_1]   Party #0: 121
[judge_1]   Party #1: 117
Side #0 moves at (1, 2)
Side #1 moves at (2, 2)
Side #0 moves at (0, 0)
Side #1 moves at (2, 1)
Side #0 moves at (0, 2)
Side #1 moves at (0, 1)
Side #0 moves at (1, 0)
Side #1 moves at (1, 1)
Side #1 wins!
[judge_1] Done:      660 (exit code 0)
[judge_1] Running:   661
[judge_1]   Party #0: 67
[judge_1]   Party #1: 65
Side #0 moves at (1, 0)
Side #1 moves at (2, 1)
Side #0 moves at (2, 2)
Side #1 moves at (0, 1)
Side #0 moves at (1, 1)
Side #1 moves at (2, 0)
Side #0 moves at (0, 2)
Side #1 moves at (1, 2)
Side #0 moves at (0, 0)
Side #0 wins!
[judge_1] Done:      661 (exit code 0)
[judge_1] Running:   662
[judge_1]   Party #0: 71
[judge_1]   Party #1: 67
Side #0 moves at (1, 0)
Side #1 moves at (2, 1)
Side #0 moves at (2, 2)
Side #1 moves at (0, 1)
Side #0 moves at (1, 1)
Side #1 moves at (2, 0)
Side #0 moves at (0, 2)
Side #1 moves at (1, 2)
Side #0 moves at (0, 0)
Side #0 wins!
[judge_1] Done:      662 (exit code 0)
[judge_1] Running:   663
[judge_1]   Party #0: 74
[judge_1]   Party #1: 71
Side #0 moves at (1, 0)
Side #1 moves at (2, 1)
Side #0 moves at (2, 2)
Side #1 moves at (0, 1)
Side #0 moves at (1, 1)
Side #1 moves at (2, 0)
Side #0 moves at (0, 2)
Side #1 moves at (1, 2)
Side #0 moves at (0, 0)
Side #0 wins!
[judge_1] Done:      663 (exit code 0)
[judge_1] Running:   664
[judge_1]   Party #0: 76
[judge_1]   Party #1: 74
Side #0 moves at (1, 0)
Side #1 moves at (2, 1)
Side #0 moves at (2, 2)
Side #1 moves at (0, 1)
Side #0 moves at (1, 1)
Side #1 moves at (2, 0)
Side #0 moves at (0, 2)
Side #1 moves at (1, 2)
Side #0 moves at (0, 0)
Side #0 wins!
[judge_1] Done:      664 (exit code 0)
[judge_1] Running:   665
[judge_1]   Party #0: 80
[judge_1]   Party #1: 76
Side #0 moves at (1, 0)
Side #1 moves at (2, 1)
Side #0 moves at (2, 2)
Side #1 moves at (0, 1)
Side #0 moves at (1, 1)
Side #1 moves at (2, 0)
Side #0 moves at (0, 2)
Side #1 moves at (1, 2)
Side #0 moves at (0, 0)
Side #0 wins!
[judge_1] Done:      665 (exit code 0)
[judge_1] Running:   666
[judge_1]   Party #0: 83
[judge_1]   Party #1: 80
Side #0 moves at (1, 0)
Side #1 moves at (2, 1)
Side #0 moves at (2, 2)
Side #1 moves at (0, 1)
Side #0 moves at (1, 1)
Side #1 moves at (2, 0)
Side #0 moves at (0, 2)
Side #1 moves at (1, 2)
Side #0 moves at (0, 0)
Side #0 wins!
[judge_1] Done:      666 (exit code 0)
[judge_1] Running:   667
[judge_1]   Party #0: 85
[judge_1]   Party #1: 83
Side #0 moves at (1, 0)
Side #1 moves at (2, 1)
Side #0 moves at (2, 2)
Side #1 moves at (0, 1)
Side #0 moves at (1, 1)
Side #1 moves at (2, 0)
Side #0 moves at (0, 2)
Side #1 moves at (1, 2)
Side #0 moves at (0, 0)
Side #0 wins!
[judge_1] Done:      667 (exit code 0)
[judge_1] Running:   668
[judge_1]   Party #0: 89
[judge_1]   Party #1: 85
Side #0 moves at (1, 0)
Side #1 moves at (2, 1)
Side #0 moves at (2, 2)
Side #1 moves at (0, 1)
Side #0 moves at (1, 1)
Side #1 moves at (2, 0)
Side #0 moves at (0, 2)
Side #1 moves at (1, 2)
Side #0 moves at (0, 0)
Side #0 wins!
[judge_1] Done:      668 (exit code 0)
[judge_1] Running:   669
[judge_1]   Party #0: 92
[judge_1]   Party #1: 89
Side #0 moves at (1, 0)
Side #1 moves at (2, 1)
Side #0 moves at (2, 2)
Side #1 moves at (0, 1)
Side #0 moves at (1, 1)
Side #1 moves at (2, 0)
Side #0 moves at (0, 2)
Side #1 moves at (1, 2)
Side #0 moves at (0, 0)
Side #0 wins!
[judge_1] Done:      669 (exit code 0)
[judge_1] Running:   670
[judge_1]   Party #0: 101
[judge_1]   Party #1: 97
Side #0 moves at (1, 0)
Side #1 moves at (2, 1)
Side #0 moves at (2, 2)
Side #1 moves at (0, 1)
Side #0 moves at (1, 1)
Side #1 moves at (2, 0)
Side #0 moves at (0, 2)
Side #1 moves at (1, 2)
Side #0 moves at (0, 0)
Side #0 wins!
[judge_1] Done:      670 (exit code 0)
[judge_1] Running:   671
[judge_1]   Party #0: 105
[judge_1]   Party #1: 101
Side #0 moves at (1, 0)
Side #1 moves at (2, 1)
Side #0 moves at (2, 2)
Side #1 moves at (0, 1)
Side #0 moves at (1, 1)
Side #1 moves at (2, 0)
Side #0 moves at (0, 2)
Side #1 moves at (1, 2)
Side #0 moves at (0, 0)
Side #0 wins!
[judge_1] Done:      671 (exit code 0)
[judge_1] Running:   672
[judge_1]   Party #0: 109
[judge_1]   Party #1: 105
Side #0 moves at (1, 0)
Side #1 moves at (2, 1)
Side #0 moves at (2, 2)
Side #1 moves at (0, 1)
Side #0 moves at (1, 1)
Side #1 moves at (2, 0)
Side #0 moves at (0, 2)
Side #1 moves at (1, 2)
Side #0 moves at (0, 0)
Side #0 wins!
[judge_1] Done:      672 (exit code 0)
[judge_1] Running:   673
[judge_1]   Party #0: 113
[judge_1]   Party #1: 109
Side #0 moves at (1, 0)
Side #1 moves at (2, 1)
Side #0 moves at (2, 2)
Side #1 moves at (0, 1)
Side #0 moves at (1, 1)
Side #1 moves at (2, 0)
Side #0 moves at (0, 2)
Side #1 moves at (1, 2)
Side #0 moves at (0, 0)
Side #0 wins!
[judge_1] Done:      673 (exit code 0)
[judge_1] Running:   674
[judge_1]   Party #0: 117
[judge_1]   Party #1: 113
Side #0 moves at (1, 0)
Side #1 moves at (2, 1)
Side #0 moves at (2, 2)
Side #1 moves at (0, 1)
Side #0 moves at (1, 1)
Side #1 moves at (2, 0)
Side #0 moves at (0, 2)
Side #1 moves at (1, 2)
Side #0 moves at (0, 0)
Side #0 wins!
[judge_1] Done:      674 (exit code 0)
[judge_1] Running:   675
[judge_1]   Party #0: 121
[judge_1]   Party #1: 117
Side #0 moves at (1, 0)
Side #1 moves at (2, 1)
Side #0 moves at (2, 2)
Side #1 moves at (0, 1)
Side #0 moves at (1, 1)
Side #1 moves at (2, 0)
Side #0 moves at (0, 2)
Side #1 moves at (1, 2)
Side #0 moves at (0, 0)
Side #0 wins!
[judge_1] Done:      675 (exit code 0)
